0 verbose cli C:\Program Files\nodejs\node.exe C:\Program Files\nodejs\node_modules\npm\bin\npm-cli.js
1 info using npm@10.3.0
2 info using node@v20.9.0
3 timing npm:load:whichnode Completed in 5ms
4 timing config:load:defaults Completed in 7ms
5 timing config:load:file:C:\Users\user\AppData\Roaming\nvm\v20.9.0\node_modules\npm\npmrc Completed in 4ms
6 timing config:load:builtin Completed in 6ms
7 timing config:load:cli Completed in 4ms
8 timing config:load:env Completed in 2ms
9 timing config:load:file:C:\Users\user\TruffleDemo\.npmrc Completed in 1ms
10 timing config:load:project Completed in 4ms
11 timing config:load:file:C:\Users\user\.npmrc Completed in 0ms
12 timing config:load:user Completed in 2ms
13 timing config:load:file:C:\Program Files\nodejs\etc\npmrc Completed in 1ms
14 timing config:load:global Completed in 1ms
15 timing config:load:setEnvs Completed in 2ms
16 timing config:load Completed in 28ms
17 timing npm:load:configload Completed in 28ms
18 timing config:load:flatten Completed in 4ms
19 timing npm:load:mkdirpcache Completed in 2ms
20 timing npm:load:mkdirplogs Completed in 1ms
21 verbose title npm start
22 verbose argv "start" "--cache" "clear"
23 timing npm:load:setTitle Completed in 1ms
24 timing npm:load:display Completed in 1ms
25 verbose logfile logs-max:10 dir:C:\Users\user\TruffleDemo\clear\_logs\2024-01-26T10_01_37_338Z-
26 verbose logfile C:\Users\user\TruffleDemo\clear\_logs\2024-01-26T10_01_37_338Z-debug-0.log
27 timing npm:load:logFile Completed in 14ms
28 timing npm:load:timers Completed in 0ms
29 timing npm:load:configScope Completed in 0ms
30 timing npm:load Completed in 110ms
31 silly logfile done cleaning log files
32 http fetch GET 200 https://registry.npmjs.org/npm 172ms
33 http fetch GET 200 https://registry.npmjs.org/npm 336ms
